{"C:\\Users\\lonovo\\cs360\\projectcs360\\models\\cart.js": {"path":"C:\\Users\\lonovo\\cs360\\projectcs360\\models\\cart.js","statementMap":{"0":{"start":{"line":1,"column":0},"end":{"line":42,"column":2}},"1":{"start":{"line":3,"column":4},"end":{"line":3,"column":37}},"2":{"start":{"line":4,"column":4},"end":{"line":4,"column":42}},"3":{"start":{"line":5,"column":4},"end":{"line":5,"column":46}},"4":{"start":{"line":7,"column":4},"end":{"line":16,"column":6}},"5":{"start":{"line":8,"column":25},"end":{"line":8,"column":39}},"6":{"start":{"line":9,"column":8},"end":{"line":11,"column":9}},"7":{"start":{"line":10,"column":12},"end":{"line":10,"column":73}},"8":{"start":{"line":12,"column":8},"end":{"line":12,"column":25}},"9":{"start":{"line":13,"column":8},"end":{"line":13,"column":66}},"10":{"start":{"line":14,"column":8},"end":{"line":14,"column":24}},"11":{"start":{"line":15,"column":8},"end":{"line":15,"column":49}},"12":{"start":{"line":18,"column":4},"end":{"line":27,"column":6}},"13":{"start":{"line":19,"column":8},"end":{"line":19,"column":29}},"14":{"start":{"line":20,"column":8},"end":{"line":20,"column":58}},"15":{"start":{"line":21,"column":8},"end":{"line":21,"column":24}},"16":{"start":{"line":22,"column":8},"end":{"line":22,"column":53}},"17":{"start":{"line":24,"column":8},"end":{"line":26,"column":9}},"18":{"start":{"line":25,"column":12},"end":{"line":25,"column":34}},"19":{"start":{"line":29,"column":4},"end":{"line":33,"column":6}},"20":{"start":{"line":30,"column":8},"end":{"line":30,"column":44}},"21":{"start":{"line":31,"column":8},"end":{"line":31,"column":48}},"22":{"start":{"line":32,"column":8},"end":{"line":32,"column":30}},"23":{"start":{"line":35,"column":4},"end":{"line":41,"column":6}},"24":{"start":{"line":36,"column":18},"end":{"line":36,"column":20}},"25":{"start":{"line":37,"column":8},"end":{"line":39,"column":9}},"26":{"start":{"line":38,"column":12},"end":{"line":38,"column":37}},"27":{"start":{"line":40,"column":8},"end":{"line":40,"column":19}}},"fnMap":{"0":{"name":"Cart","decl":{"start":{"line":1,"column":26},"end":{"line":1,"column":30}},"loc":{"start":{"line":1,"column":40},"end":{"line":42,"column":1}},"line":1},"1":{"name":"(anonymous_1)","decl":{"start":{"line":7,"column":15},"end":{"line":7,"column":16}},"loc":{"start":{"line":7,"column":35},"end":{"line":16,"column":5}},"line":7},"2":{"name":"(anonymous_2)","decl":{"start":{"line":18,"column":23},"end":{"line":18,"column":24}},"loc":{"start":{"line":18,"column":37},"end":{"line":27,"column":5}},"line":18},"3":{"name":"(anonymous_3)","decl":{"start":{"line":29,"column":22},"end":{"line":29,"column":23}},"loc":{"start":{"line":29,"column":36},"end":{"line":33,"column":5}},"line":29},"4":{"name":"(anonymous_4)","decl":{"start":{"line":35,"column":25},"end":{"line":35,"column":26}},"loc":{"start":{"line":35,"column":37},"end":{"line":41,"column":5}},"line":35}},"branchMap":{"0":{"loc":{"start":{"line":3,"column":17},"end":{"line":3,"column":36}},"type":"binary-expr","locations":[{"start":{"line":3,"column":17},"end":{"line":3,"column":30}},{"start":{"line":3,"column":34},"end":{"line":3,"column":36}}],"line":3},"1":{"loc":{"start":{"line":4,"column":20},"end":{"line":4,"column":41}},"type":"binary-expr","locations":[{"start":{"line":4,"column":20},"end":{"line":4,"column":36}},{"start":{"line":4,"column":40},"end":{"line":4,"column":41}}],"line":4},"2":{"loc":{"start":{"line":5,"column":22},"end":{"line":5,"column":45}},"type":"binary-expr","locations":[{"start":{"line":5,"column":22},"end":{"line":5,"column":40}},{"start":{"line":5,"column":44},"end":{"line":5,"column":45}}],"line":5},"3":{"loc":{"start":{"line":9,"column":8},"end":{"line":11,"column":9}},"type":"if","locations":[{"start":{"line":9,"column":8},"end":{"line":11,"column":9}},{"start":{},"end":{}}],"line":9},"4":{"loc":{"start":{"line":24,"column":8},"end":{"line":26,"column":9}},"type":"if","locations":[{"start":{"line":24,"column":8},"end":{"line":26,"column":9}},{"start":{},"end":{}}],"line":24}},"s":{"0":1,"1":5,"2":5,"3":5,"4":5,"5":5,"6":5,"7":0,"8":5,"9":5,"10":5,"11":5,"12":5,"13":1,"14":1,"15":1,"16":1,"17":1,"18":0,"19":5,"20":1,"21":1,"22":1,"23":5,"24":0,"25":0,"26":0,"27":0},"f":{"0":5,"1":5,"2":1,"3":1,"4":0},"b":{"0":[5,0],"1":[5,0],"2":[5,0],"3":[0,5],"4":[0,1]},"_coverageSchema":"1a1c01bbd47fc00a2c39e90264f33305004495a9","hash":"8d63dc3da53dae6be705b1bdeb364059ed02e6a1"}
,"C:\\Users\\lonovo\\cs360\\projectcs360\\models\\user.js": {"path":"C:\\Users\\lonovo\\cs360\\projectcs360\\models\\user.js","statementMap":{"0":{"start":{"line":1,"column":15},"end":{"line":1,"column":34}},"1":{"start":{"line":2,"column":13},"end":{"line":2,"column":28}},"2":{"start":{"line":3,"column":13},"end":{"line":3,"column":37}},"3":{"start":{"line":5,"column":17},"end":{"line":8,"column":2}},"4":{"start":{"line":10,"column":0},"end":{"line":12,"column":2}},"5":{"start":{"line":11,"column":4},"end":{"line":11,"column":66}},"6":{"start":{"line":14,"column":0},"end":{"line":16,"column":2}},"7":{"start":{"line":15,"column":4},"end":{"line":15,"column":55}},"8":{"start":{"line":18,"column":0},"end":{"line":18,"column":52}}},"fnMap":{"0":{"name":"(anonymous_0)","decl":{"start":{"line":10,"column":37},"end":{"line":10,"column":38}},"loc":{"start":{"line":10,"column":57},"end":{"line":12,"column":1}},"line":10},"1":{"name":"(anonymous_1)","decl":{"start":{"line":14,"column":35},"end":{"line":14,"column":36}},"loc":{"start":{"line":14,"column":55},"end":{"line":16,"column":1}},"line":14}},"branchMap":{},"s":{"0":1,"1":1,"2":1,"3":1,"4":1,"5":0,"6":1,"7":1,"8":1},"f":{"0":0,"1":1},"b":{},"_coverageSchema":"1a1c01bbd47fc00a2c39e90264f33305004495a9","hash":"0d29cd84c467e6025c0898e3eb0a1e999f166a19"}
}
