TN:
SF:models\cart.js
FN:1,Cart
FN:7,(anonymous_1)
FN:18,(anonymous_2)
FN:29,(anonymous_3)
FN:35,(anonymous_4)
FNF:5
FNH:4
FNDA:5,Cart
FNDA:5,(anonymous_1)
FNDA:1,(anonymous_2)
FNDA:1,(anonymous_3)
FNDA:0,(anonymous_4)
DA:1,1
DA:3,5
DA:4,5
DA:5,5
DA:7,5
DA:8,5
DA:9,5
DA:10,0
DA:12,5
DA:13,5
DA:14,5
DA:15,5
DA:18,5
DA:19,1
DA:20,1
DA:21,1
DA:22,1
DA:24,1
DA:25,0
DA:29,5
DA:30,1
DA:31,1
DA:32,1
DA:35,5
DA:36,0
DA:37,0
DA:38,0
DA:40,0
LF:28
LH:22
BRDA:3,0,0,5
BRDA:3,0,1,0
BRDA:4,1,0,5
BRDA:4,1,1,0
BRDA:5,2,0,5
BRDA:5,2,1,0
BRDA:9,3,0,0
BRDA:9,3,1,5
BRDA:24,4,0,0
BRDA:24,4,1,1
BRF:10
BRH:5
end_of_record
TN:
SF:models\user.js
FN:10,(anonymous_0)
FN:14,(anonymous_1)
FNF:2
FNH:1
FNDA:0,(anonymous_0)
FNDA:1,(anonymous_1)
DA:1,1
DA:2,1
DA:3,1
DA:5,1
DA:10,1
DA:11,0
DA:14,1
DA:15,1
DA:18,1
LF:9
LH:8
BRF:0
BRH:0
end_of_record
